<?xml version="1.0" encoding="UTF-8"?>
<!-- Generated by org.testng.reporters.JUnitReportReporter -->
<testsuite hostname="Jason" failures="0" tests="3" name="rahulshettyacademy.tests.SubmitOrderTest" time="36.627" errors="0" timestamp="2024-03-26T23:10:19 EET" skipped="0">
  <testcase classname="rahulshettyacademy.tests.SubmitOrderTest" name="OrderHistoryTest" time="4.001"/>
  <testcase classname="rahulshettyacademy.tests.SubmitOrderTest" name="submitOrder" time="19.324"/>
  <testcase classname="rahulshettyacademy.tests.SubmitOrderTest" name="submitOrder" time="13.302"/>
</testsuite> <!-- rahulshettyacademy.tests.SubmitOrderTest -->
